Streaming transaction logs mentioning 68HyhDBMe8rSesE5YMpG1LZuJuL1s24tcC7knd3dHgQc. Confirmed commitment
Transaction executed in slot 3:
  Signature: 4Z17xHt35ziXG2XHnsxJWczh7tsbXRrdwmScAJvn229xnyitSvt4MZ4YfwUdgcZh2CyWewjDGZKyayWSer76uT7E
  Status: Ok
  Log Messages:
    Program 68HyhDBMe8rSesE5YMpG1LZuJuL1s24tcC7knd3dHgQc invoke [1]
    Program log: Instruction: CreatePoll
    Program 11111111111111111111111111111111 invoke [2]
    Program 11111111111111111111111111111111 success
    Program 68HyhDBMe8rSesE5YMpG1LZuJuL1s24tcC7knd3dHgQc consumed 9353 of 200000 compute units
    Program 68HyhDBMe8rSesE5YMpG1LZuJuL1s24tcC7knd3dHgQc success
Transaction executed in slot 10:
  Signature: 64BzDwQ8PvjjHP7WaVG4sofNPESFPsU822QVQVsJPPuDBtdyFgE1v57BsHhDLpsHs7HZBDgR1WTxZ6CjewSKxsfH
  Status: Ok
  Log Messages:
    Program 68HyhDBMe8rSesE5YMpG1LZuJuL1s24tcC7knd3dHgQc invoke [1]
    Program log: Instruction: Vote
    Program 11111111111111111111111111111111 invoke [2]
    Program 11111111111111111111111111111111 success
    Program 68HyhDBMe8rSesE5YMpG1LZuJuL1s24tcC7knd3dHgQc consumed 12642 of 200000 compute units
    Program 68HyhDBMe8rSesE5YMpG1LZuJuL1s24tcC7knd3dHgQc success
Transaction executed in slot 18:
  Signature: 65WX9HwHhJXRnwdHDz1in7Dn6McYBHex88AbGV32UD2g1PYM3Wqz2NZAbBSuFHUEwvdBax9G5G5fmhRNA7zFm6Xi
  Status: Ok
  Log Messages:
    Program 68HyhDBMe8rSesE5YMpG1LZuJuL1s24tcC7knd3dHgQc invoke [1]
    Program log: Instruction: Vote
    Program 11111111111111111111111111111111 invoke [2]
    Program 11111111111111111111111111111111 success
    Program 68HyhDBMe8rSesE5YMpG1LZuJuL1s24tcC7knd3dHgQc consumed 15643 of 200000 compute units
    Program 68HyhDBMe8rSesE5YMpG1LZuJuL1s24tcC7knd3dHgQc success
